app/build/intermediates/manifest_merge_blame_file/debug/manifest-merger-blame-debug-report.txt
1<?xml version="1.0" encoding="utf-8"?>
2<manifest xmlns:android="http://schemas.android.com/apk/res/android"
3    package="com.luxand.facerecognition"
4    android:versionCode="1"
5    android:versionName="1.0" >
6
7    <uses-sdk
8        android:minSdkVersion="21"
8-->src\main\AndroidManifest.xml
9        android:targetSdkVersion="27" />
9-->src\main\AndroidManifest.xml
10
11    <uses-feature android:name="android.hardware.camera" />
11-->src\main\AndroidManifest.xml:5:5-59
11-->src\main\AndroidManifest.xml:5:19-57
12    <uses-feature
12-->src\main\AndroidManifest.xml:6:5-95
13        android:name="android.hardware.camera.autofocus"
13-->src\main\AndroidManifest.xml:6:19-67
14        android:required="false" />
14-->src\main\AndroidManifest.xml:6:68-92
15
16    <uses-permission android:name="android.permission.CAMERA" />
16-->src\main\AndroidManifest.xml:7:5-64
16-->src\main\AndroidManifest.xml:7:22-62
17    <uses-permission android:name="android.permission.INTERNET" />
17-->src\main\AndroidManifest.xml:8:5-66
17-->src\main\AndroidManifest.xml:8:22-64
18
19    <!-- <uses-permission android:name="android.permission.WRITE_EXTERNAL_STORAGE" /> -->
20    <application
20-->src\main\AndroidManifest.xml:11:5-27:19
21        android:allowBackup="true"
21-->src\main\AndroidManifest.xml:12:9-35
22        android:debuggable="true"
23        android:icon="@drawable/ic_launcher"
23-->src\main\AndroidManifest.xml:13:9-45
24        android:label="@string/app_name"
24-->src\main\AndroidManifest.xml:14:9-41
25        android:supportsRtl="true"
25-->src\main\AndroidManifest.xml:15:9-35
26        android:theme="@style/Theme.AppCompat.Light.NoActionBar" >
26-->src\main\AndroidManifest.xml:16:9-65
27
28        <!-- android:theme="@android:style/Theme.DeviceDefault.Light.NoActionBar.Fullscreen" > -->
29        <activity
29-->src\main\AndroidManifest.xml:18:9-26:20
30            android:name="com.luxand.facerecognition.MainActivity"
30-->src\main\AndroidManifest.xml:18:19-47
31            android:screenOrientation="portrait" >
31-->src\main\AndroidManifest.xml:19:13-49
32            <intent-filter>
32-->src\main\AndroidManifest.xml:21:13-25:29
33                <action android:name="android.intent.action.MAIN" />
33-->src\main\AndroidManifest.xml:22:17-69
33-->src\main\AndroidManifest.xml:22:25-66
34
35                <category android:name="android.intent.category.LAUNCHER" />
35-->src\main\AndroidManifest.xml:24:17-77
35-->src\main\AndroidManifest.xml:24:27-74
36            </intent-filter>
37        </activity>
38
39        <meta-data
39-->[android.arch.lifecycle:runtime:1.0.0] AndroidManifest.xml:25:9-27:47
40            android:name="android.arch.lifecycle.VERSION"
40-->[android.arch.lifecycle:runtime:1.0.0] AndroidManifest.xml:26:13-58
41            android:value="27.0.0-SNAPSHOT" />
41-->[android.arch.lifecycle:runtime:1.0.0] AndroidManifest.xml:27:13-44
42    </application>
43
44</manifest>